
=== Processing Directories ===
Source directory: examples/sources/
Target directory: examples/target/
Using configuration file: examples/drumgizmo-kit-example.ini

=== Kit Metadata ===
Name: Test Kit
Version: 1.0
Description: An example drum kit for DrumGizmo with dummy audio samples
Notes: Fake DrumGizmo kit generated for testing purpose. All sources (audio, logo, extra files) are free of use.
Author: Anonymous
License: CC-BY-SA 4.0
Website: https://example.com/my-drumgizmo-kit
Logo: pngtree-music-notes-png-image_8660757.png
Sample rate: 48000 Hz
Velocity levels: 4
MIDI note range: [20, 107]
MIDI note median: 60
Audio extensions: ['wav', 'WAV', 'flac', 'FLAC', 'ogg', 'OGG']
Audio channels: ['AmbL', 'AmbR', 'Hihat', 'Kdrum_back', 'Kdrum_front', 'OHL', 'OHR', 'Ride', 'Snare_bottom', 'Snare_top', 'Tom1', 'Tom2', 'Tom3']
Main channels: ['AmbL', 'AmbR', 'OHL', 'OHR']
Extra files: ['Lorem Ipsum.pdf', 'license.txt']

=== Source Audio Samples ===
Found 3 audio files:
- E-Mu-Proteus-FX-Wacky-Snare.wav
- Example.ogg
- gs-16b-1c-44100hz.flac

=== Preparing Target Directory ===
Cleaning target directory: examples/target/

=== Processing Audio Files ===
Processing E-Mu-Proteus-FX-Wacky-Snare.wav
Creating directory for instrument: E-Mu-Proteus-FX-Wacky-Snare
Processed E-Mu-Proteus-FX-Wacky-Snare.wav with 4 volume variations
Processing Example.ogg
Creating directory for instrument: Example
Processed Example.ogg with 4 volume variations
Processing gs-16b-1c-44100hz.flac
Creating directory for instrument: gs-16b-1c-44100hz
Processed gs-16b-1c-44100hz.flac with 4 volume variations

=== Generating XML Files ===
Generating drumkit.xml
Generated drumkit.xml at examples/target/drumkit.xml
Generating instrument XML files
Generated instrument XML at examples/target/E-Mu-Proteus-FX-Wacky-Snare/E-Mu-Proteus-FX-Wacky-Snare.xml
Generated instrument XML at examples/target/Example/Example.xml
Generated instrument XML at examples/target/gs-16b-1c-44100hz/gs-16b-1c-44100hz.xml
Generating midimap.xml
Generated midimap.xml at examples/target/midimap.xml

=== Copying Logo ===
Copying logo: pngtree-music-notes-png-image_8660757.png

=== Copying Additional Files ===
Copying extra file: Lorem Ipsum.pdf
Copying extra file: license.txt

=== Summary ===
Processing complete. DrumGizmo kit successfully created in: examples/target/
Number of instruments created: 3
Main files:
- examples/target/drumkit.xml
- examples/target/midimap.xml

Kit metadata summary:
Name: Test Kit
Version: 1.0
Description: An example drum kit for DrumGizmo with dummy audio samples
Notes: Fake DrumGizmo kit generated for testing purpose. All sources (audio, logo, extra files) are free of use.
Author: Anonymous
License: CC-BY-SA 4.0
Sample rate: 48000 Hz
Website: https://example.com/my-drumgizmo-kit
Logo: pngtree-music-notes-png-image_8660757.png

Instrument to sample mapping:
  (MIDI Note 59) E-Mu-Proteus-FX-Wacky-Snare: E-Mu-Proteus-FX-Wacky-Snare.wav
  (MIDI Note 60) Example: Example.ogg
  (MIDI Note 61) gs-16b-1c-44100hz: gs-16b-1c-44100hz.flac

Extra files copied:
  pngtree-music-notes-png-image_8660757.png
  Lorem Ipsum.pdf
  license.txt

Kit generation completed successfully!
